Started GET "/" for 192.168.65.1 at 2025-04-28 16:31:11 +0000
  [1m[35m (12.2ms)[0m  [1m[35mCREATE TABLE "schema_migrations" ("version" character varying NOT NULL PRIMARY KEY) /*application='App'*/[0m
  [1m[35m (10.6ms)[0m  [1m[35mCREATE TABLE "ar_internal_metadata" ("key" character varying NOT NULL PRIMARY KEY, "value" character varying, "created_at" timestamp(6) NOT NULL, "updated_at" timestamp(6) NOT NULL) /*application='App'*/[0m
  [1m[36mActiveRecord::SchemaMigration Load (1.4ms)[0m  [1m[34mSELECT "schema_migrations"."version" FROM "schema_migrations" ORDER BY "schema_migrations"."version" ASC /*application='App'*/[0m
Processing by Rails::WelcomeController#index as HTML
  Rendering /usr/local/bundle/gems/railties-8.0.2/lib/rails/templates/rails/welcome/index.html.erb
  Rendered /usr/local/bundle/gems/railties-8.0.2/lib/rails/templates/rails/welcome/index.html.erb (Duration: 5.7ms | GC: 0.0ms)
Completed 200 OK in 258ms (Views: 53.9ms | ActiveRecord: 0.0ms (0 queries, 0 cached) | GC: 0.0ms)


Started GET "/icon.png" for 192.168.65.1 at 2025-04-28 16:31:13 +0000
  
ActionController::RoutingError (No route matches [GET] "/icon.png"):
  
Started GET "/index" for 192.168.65.1 at 2025-04-28 16:31:55 +0000
  
ActionController::RoutingError (No route matches [GET] "/index"):
  
Started GET "/favicon.ico" for 192.168.65.1 at 2025-04-28 16:31:56 +0000
  
ActionController::RoutingError (No route matches [GET] "/favicon.ico"):
  
  [1m[35m (9.8ms)[0m  [1m[35mCREATE TABLE "schema_migrations" ("version" character varying NOT NULL PRIMARY KEY) /*application='App'*/[0m
  [1m[35m (9.4ms)[0m  [1m[35mCREATE TABLE "ar_internal_metadata" ("key" character varying NOT NULL PRIMARY KEY, "value" character varying, "created_at" timestamp(6) NOT NULL, "updated_at" timestamp(6) NOT NULL) /*application='App'*/[0m
  [1m[35m (1.0ms)[0m  [1m[34mSELECT pg_try_advisory_lock(6926653847105554590) /*application='App'*/[0m
  [1m[36mActiveRecord::SchemaMigration Load (1.2ms)[0m  [1m[34mSELECT "schema_migrations"."version" FROM "schema_migrations" ORDER BY "schema_migrations"."version" ASC /*application='App'*/[0m
  [1m[36mActiveRecord::InternalMetadata Load (1.8ms)[0m  [1m[34mSELECT * FROM "ar_internal_metadata" WHERE "ar_internal_metadata"."key" = 'environment' ORDER BY "ar_internal_metadata"."key" ASC LIMIT 1 /*application='App'*/[0m
  [1m[36mActiveRecord::InternalMetadata Create (1.5ms)[0m  [1m[32mINSERT INTO "ar_internal_metadata" ("key", "value", "created_at", "updated_at") VALUES ('environment', 'development', '2025-04-29 15:25:51.726285', '2025-04-29 15:25:51.726291') RETURNING "key" /*application='App'*/[0m
Migrating to CreateUsers (20250429152102)
  [1m[36mTRANSACTION (0.9ms)[0m  [1m[35mBEGIN /*application='App'*/[0m
  [1m[35m (155.3ms)[0m  [1m[35mCREATE TABLE "users" ("id" bigserial primary key, "email" character varying, "password_digest" character varying, "created_at" timestamp(6) NOT NULL, "updated_at" timestamp(6) NOT NULL) /*application='App'*/[0m
  [1m[35m (4.6ms)[0m  [1m[35mCREATE INDEX "index_users_on_email" ON "users" ("email") /*application='App'*/[0m
  [1m[36mActiveRecord::SchemaMigration Create (0.9ms)[0m  [1m[32mINSERT INTO "schema_migrations" ("version") VALUES ('20250429152102') RETURNING "version" /*application='App'*/[0m
  [1m[36mTRANSACTION (1.7ms)[0m  [1m[35mCOMMIT /*application='App'*/[0m
  [1m[35m (0.6ms)[0m  [1m[34mSELECT pg_advisory_unlock(6926653847105554590) /*application='App'*/[0m
  [1m[36mActiveRecord::SchemaMigration Load (0.6ms)[0m  [1m[34mSELECT "schema_migrations"."version" FROM "schema_migrations" ORDER BY "schema_migrations"."version" ASC /*application='App'*/[0m
Started POST "/api/v1/users" for 192.168.65.1 at 2025-04-29 15:27:15 +0000
  [1m[36mActiveRecord::SchemaMigration Load (2.0ms)[0m  [1m[34mSELECT "schema_migrations"."version" FROM "schema_migrations" ORDER BY "schema_migrations"."version" ASC /*application='App'*/[0m
Processing by Api::V1::UsersController#create as */*
  Parameters: {"user" => {"email" => "[FILTERED]", "password" => "[FILTERED]"}}
  [1m[36mTRANSACTION (0.5ms)[0m  [1m[35mBEGIN /*action='create',application='App',controller='users'*/[0m
  ↳ app/controllers/api/v1/users_controller.rb:8:in 'Api::V1::UsersController#create'
  [1m[36mUser Exists? (16.1ms)[0m  [1m[34mSELECT 1 AS one FROM "users" WHERE "users"."email" = 'user@example.com' LIMIT 1 /*action='create',application='App',controller='users'*/[0m
  ↳ app/controllers/api/v1/users_controller.rb:8:in 'Api::V1::UsersController#create'
  [1m[36mUser Create (2.0ms)[0m  [1m[32mINSERT INTO "users" ("email", "password_digest", "created_at", "updated_at") VALUES ('user@example.com', '$2a$12$unB7Jb1l37sR2TanqfiAB.a/05cuudSRM8oDaw/0B8yXlwZNxwA6O', '2025-04-29 15:27:20.327732', '2025-04-29 15:27:20.327732') RETURNING "id" /*action='create',application='App',controller='users'*/[0m
  ↳ app/controllers/api/v1/users_controller.rb:8:in 'Api::V1::UsersController#create'
  [1m[36mTRANSACTION (2.8ms)[0m  [1m[35mCOMMIT /*action='create',application='App',controller='users'*/[0m
  ↳ app/controllers/api/v1/users_controller.rb:8:in 'Api::V1::UsersController#create'
Completed 201 Created in 1574ms (Views: 0.9ms | ActiveRecord: 40.8ms (2 queries, 0 cached) | GC: 6.2ms)


Started POST "/api/v1/auth/login" for 192.168.65.1 at 2025-04-29 15:27:38 +0000
Processing by Api::V1::AuthController#login as */*
  Parameters: {"email" => "[FILTERED]", "password" => "[FILTERED]", "auth" => {"email" => "[FILTERED]", "password" => "[FILTERED]"}}
  [1m[36mUser Load (3.9ms)[0m  [1m[34mSELECT "users".* FROM "users" WHERE "users"."email" = 'user@example.com' LIMIT 1 /*action='login',application='App',controller='auth'*/[0m
  ↳ app/controllers/api/v1/auth_controller.rb:7:in 'Api::V1::AuthController#login'
Completed 200 OK in 1162ms (Views: 0.8ms | ActiveRecord: 3.4ms (1 query, 0 cached) | GC: 0.0ms)


Started POST "/api/v1/auth/login" for 192.168.65.1 at 2025-04-29 15:28:26 +0000
Processing by Api::V1::AuthController#login as */*
  Parameters: {"email" => "[FILTERED]", "password" => "[FILTERED]", "auth" => {"email" => "[FILTERED]", "password" => "[FILTERED]"}}
  [1m[36mUser Load (1.0ms)[0m  [1m[34mSELECT "users".* FROM "users" WHERE "users"."email" = 'user@example.com' LIMIT 1 /*action='login',application='App',controller='auth'*/[0m
  ↳ app/controllers/api/v1/auth_controller.rb:7:in 'Api::V1::AuthController#login'
Completed 401 Unauthorized in 812ms (Views: 1.3ms | ActiveRecord: 1.0ms (1 query, 0 cached) | GC: 0.0ms)


Started POST "/api/v1/auth/logout" for 192.168.65.1 at 2025-04-29 15:28:39 +0000
Processing by Api::V1::AuthController#logout as */*
Filter chain halted as :authenticate_request rendered or redirected
Completed 401 Unauthorized in 6ms (Views: 0.2ms | ActiveRecord: 0.0ms (0 queries, 0 cached) | GC: 0.0ms)


Started POST "/api/v1/users" for 192.168.65.1 at 2025-04-29 15:29:01 +0000
Processing by Api::V1::UsersController#create as */*
  Parameters: {"user" => {"email" => "[FILTERED]", "password" => "[FILTERED]"}}
  [1m[36mTRANSACTION (2.9ms)[0m  [1m[35mBEGIN /*action='create',application='App',controller='users'*/[0m
  ↳ app/controllers/api/v1/users_controller.rb:8:in 'Api::V1::UsersController#create'
  [1m[36mUser Exists? (9.7ms)[0m  [1m[34mSELECT 1 AS one FROM "users" WHERE "users"."email" = 'user@example.com' LIMIT 1 /*action='create',application='App',controller='users'*/[0m
  ↳ app/controllers/api/v1/users_controller.rb:8:in 'Api::V1::UsersController#create'
  [1m[36mTRANSACTION (1.6ms)[0m  [1m[31mROLLBACK /*action='create',application='App',controller='users'*/[0m
  ↳ app/controllers/api/v1/users_controller.rb:8:in 'Api::V1::UsersController#create'
Completed 422 Unprocessable Content in 1306ms (Views: 51.7ms | ActiveRecord: 9.8ms (1 query, 0 cached) | GC: 18.8ms)


Started POST "/api/v1/auth/login" for 192.168.65.1 at 2025-04-29 15:29:12 +0000
Processing by Api::V1::AuthController#login as */*
  Parameters: {"email" => "[FILTERED]", "password" => "[FILTERED]", "auth" => {"email" => "[FILTERED]", "password" => "[FILTERED]"}}
  [1m[36mUser Load (1.1ms)[0m  [1m[34mSELECT "users".* FROM "users" WHERE "users"."email" = 'user@example.com' LIMIT 1 /*action='login',application='App',controller='auth'*/[0m
  ↳ app/controllers/api/v1/auth_controller.rb:7:in 'Api::V1::AuthController#login'
Completed 200 OK in 906ms (Views: 0.2ms | ActiveRecord: 1.0ms (1 query, 0 cached) | GC: 0.0ms)


Started POST "/api/v1/auth/logout" for 192.168.65.1 at 2025-04-29 15:29:26 +0000
Processing by Api::V1::AuthController#logout as */*
Filter chain halted as :authenticate_request rendered or redirected
Completed 401 Unauthorized in 2ms (Views: 0.6ms | ActiveRecord: 0.0ms (0 queries, 0 cached) | GC: 0.0ms)


Started POST "/api/v1/auth/logout" for 192.168.65.1 at 2025-04-29 15:30:04 +0000
Processing by Api::V1::AuthController#logout as */*
  [1m[36mUser Load (1.1ms)[0m  [1m[34mSELECT "users".* FROM "users" WHERE "users"."id" = 1 LIMIT 1 /*action='logout',application='App',controller='auth'*/[0m
  ↳ app/controllers/application_controller.rb:11:in 'ApplicationController#authenticate_request'
Completed 200 OK in 39ms (Views: 0.8ms | ActiveRecord: 1.1ms (1 query, 0 cached) | GC: 0.0ms)


